I200206 09:42:55.008056 30 util/log/clog.go:1196  [config] file created at: 2020/02/06 09:42:55
I200206 09:42:55.008056 30 util/log/clog.go:1196  [config] running on machine: pika-PC
I200206 09:42:55.008056 30 util/log/clog.go:1196  [config] binary: CockroachDB CCL v19.2.2 (x86_64-unknown-linux-gnu, built 2019/12/11 01:33:43, go1.12.12)
I200206 09:42:55.008056 30 util/log/clog.go:1196  [config] arguments: [cockroach start --insecure]
I200206 09:42:55.008056 30 util/log/clog.go:1196  line format: [IWEF]yymmdd hh:mm:ss.uuuuuu goid file:line msg utf8=✓
I200206 09:42:55.008055 30 storage/engine/rocksdb.go:120  RocksDB version: 6.2.1
I200206 09:42:55.008333 30 storage/engine/rocksdb.go:120  Git sha rocksdb_build_git_sha:@b7009236531fa784872f4823eabf393501e41bf2@
I200206 09:42:55.008342 30 storage/engine/rocksdb.go:120  Compile date Dec 11 2019
I200206 09:42:55.008349 30 storage/engine/rocksdb.go:120  DB SUMMARY
I200206 09:42:55.008404 30 storage/engine/rocksdb.go:120  SST files in /home/pika/praxis-academy/minggu-03/Hari-04/kasus/cockroach-data/cockroach-temp503753566 dir, Total Num: 0, files: 
I200206 09:42:55.008625 30 storage/engine/rocksdb.go:120  Write Ahead Log file in /home/pika/praxis-academy/minggu-03/Hari-04/kasus/cockroach-data/cockroach-temp503753566: 
I200206 09:42:55.008633 30 storage/engine/rocksdb.go:120                          Options.error_if_exists: 0
I200206 09:42:55.008640 30 storage/engine/rocksdb.go:120                        Options.create_if_missing: 1
I200206 09:42:55.008646 30 storage/engine/rocksdb.go:120                          Options.paranoid_checks: 1
I200206 09:42:55.008653 30 storage/engine/rocksdb.go:120                                      Options.env: 0x75591e0
I200206 09:42:55.008660 30 storage/engine/rocksdb.go:120                                 Options.info_log: 0x7f7e77e0d1c0
I200206 09:42:55.008666 30 storage/engine/rocksdb.go:120                 Options.max_file_opening_threads: 16
I200206 09:42:55.008673 30 storage/engine/rocksdb.go:120                               Options.statistics: 0x7f7e77e1f010
I200206 09:42:55.008679 30 storage/engine/rocksdb.go:120                                Options.use_fsync: 0
I200206 09:42:55.008686 30 storage/engine/rocksdb.go:120                        Options.max_log_file_size: 0
I200206 09:42:55.008692 30 storage/engine/rocksdb.go:120                   Options.max_manifest_file_size: 134217728
I200206 09:42:55.008698 30 storage/engine/rocksdb.go:120                    Options.log_file_time_to_roll: 0
I200206 09:42:55.008705 30 storage/engine/rocksdb.go:120                        Options.keep_log_file_num: 1000
I200206 09:42:55.008711 30 storage/engine/rocksdb.go:120                     Options.recycle_log_file_num: 1
I200206 09:42:55.008718 30 storage/engine/rocksdb.go:120                          Options.allow_fallocate: 1
I200206 09:42:55.008724 30 storage/engine/rocksdb.go:120                         Options.allow_mmap_reads: 0
I200206 09:42:55.008731 30 storage/engine/rocksdb.go:120                        Options.allow_mmap_writes: 0
I200206 09:42:55.008737 30 storage/engine/rocksdb.go:120                         Options.use_direct_reads: 0
I200206 09:42:55.008744 30 storage/engine/rocksdb.go:120                         Options.use_direct_io_for_flush_and_compaction: 0
I200206 09:42:55.008750 30 storage/engine/rocksdb.go:120           Options.create_missing_column_families: 0
I200206 09:42:55.008756 30 storage/engine/rocksdb.go:120                               Options.db_log_dir: 
I200206 09:42:55.008763 30 storage/engine/rocksdb.go:120                                  Options.wal_dir: /home/pika/praxis-academy/minggu-03/Hari-04/kasus/cockroach-data/cockroach-temp503753566
I200206 09:42:55.008770 30 storage/engine/rocksdb.go:120                 Options.table_cache_numshardbits: 6
I200206 09:42:55.008776 30 storage/engine/rocksdb.go:120                       Options.max_subcompactions: 1
I200206 09:42:55.008782 30 storage/engine/rocksdb.go:120                   Options.max_background_flushes: -1
I200206 09:42:55.008789 30 storage/engine/rocksdb.go:120                          Options.WAL_ttl_seconds: 0
I200206 09:42:55.008795 30 storage/engine/rocksdb.go:120                        Options.WAL_size_limit_MB: 0
I200206 09:42:55.008801 30 storage/engine/rocksdb.go:120              Options.manifest_preallocation_size: 4194304
I200206 09:42:55.008808 30 storage/engine/rocksdb.go:120                      Options.is_fd_close_on_exec: 1
I200206 09:42:55.008814 30 storage/engine/rocksdb.go:120                    Options.advise_random_on_open: 1
I200206 09:42:55.008820 30 storage/engine/rocksdb.go:120                     Options.db_write_buffer_size: 0
I200206 09:42:55.008832 30 storage/engine/rocksdb.go:120                     Options.write_buffer_manager: 0x7f7e77e26060
I200206 09:42:55.008839 30 storage/engine/rocksdb.go:120          Options.access_hint_on_compaction_start: 1
I200206 09:42:55.008845 30 storage/engine/rocksdb.go:120   Options.new_table_reader_for_compaction_inputs: 0
I200206 09:42:55.008851 30 storage/engine/rocksdb.go:120            Options.random_access_max_buffer_size: 1048576
I200206 09:42:55.008858 30 storage/engine/rocksdb.go:120                       Options.use_adaptive_mutex: 0
I200206 09:42:55.008864 30 storage/engine/rocksdb.go:120                             Options.rate_limiter: (nil)
I200206 09:42:55.008871 30 storage/engine/rocksdb.go:120      Options.sst_file_manager.rate_bytes_per_sec: 0
I200206 09:42:55.008878 30 storage/engine/rocksdb.go:120                        Options.wal_recovery_mode: 0
I200206 09:42:55.008884 30 storage/engine/rocksdb.go:120                   Options.enable_thread_tracking: 0
I200206 09:42:55.008890 30 storage/engine/rocksdb.go:120                   Options.enable_pipelined_write: 0
I200206 09:42:55.008897 30 storage/engine/rocksdb.go:120          Options.allow_concurrent_memtable_write: 1
I200206 09:42:55.008903 30 storage/engine/rocksdb.go:120       Options.enable_write_thread_adaptive_yield: 1
I200206 09:42:55.008910 30 storage/engine/rocksdb.go:120              Options.write_thread_max_yield_usec: 100
I200206 09:42:55.008916 30 storage/engine/rocksdb.go:120             Options.write_thread_slow_yield_usec: 3
I200206 09:42:55.008923 30 storage/engine/rocksdb.go:120                                Options.row_cache: None
I200206 09:42:55.008929 30 storage/engine/rocksdb.go:120                               Options.wal_filter: None
I200206 09:42:55.008935 30 storage/engine/rocksdb.go:120              Options.avoid_flush_during_recovery: 0
I200206 09:42:55.008942 30 storage/engine/rocksdb.go:120              Options.allow_ingest_behind: 0
I200206 09:42:55.008948 30 storage/engine/rocksdb.go:120              Options.preserve_deletes: 0
I200206 09:42:55.008955 30 storage/engine/rocksdb.go:120              Options.two_write_queues: 0
I200206 09:42:55.008961 30 storage/engine/rocksdb.go:120              Options.manual_wal_flush: 1
I200206 09:42:55.008967 30 storage/engine/rocksdb.go:120              Options.atomic_flush: 0
I200206 09:42:55.008973 30 storage/engine/rocksdb.go:120              Options.avoid_unnecessary_blocking_io: 0
I200206 09:42:55.008980 30 storage/engine/rocksdb.go:120              Options.max_background_jobs: 4
I200206 09:42:55.008986 30 storage/engine/rocksdb.go:120              Options.max_background_compactions: -1
I200206 09:42:55.008992 30 storage/engine/rocksdb.go:120              Options.avoid_flush_during_shutdown: 0
I200206 09:42:55.008999 30 storage/engine/rocksdb.go:120            Options.writable_file_max_buffer_size: 1048576
I200206 09:42:55.009005 30 storage/engine/rocksdb.go:120              Options.delayed_write_rate : 16777216
I200206 09:42:55.009011 30 storage/engine/rocksdb.go:120              Options.max_total_wal_size: 0
I200206 09:42:55.009018 30 storage/engine/rocksdb.go:120              Options.delete_obsolete_files_period_micros: 21600000000
I200206 09:42:55.009024 30 storage/engine/rocksdb.go:120                    Options.stats_dump_period_sec: 0
I200206 09:42:55.009031 30 storage/engine/rocksdb.go:120                  Options.stats_persist_period_sec: 600
I200206 09:42:55.009037 30 storage/engine/rocksdb.go:120                  Options.stats_history_buffer_size: 1048576
I200206 09:42:55.009043 30 storage/engine/rocksdb.go:120                           Options.max_open_files: 128
I200206 09:42:55.009050 30 storage/engine/rocksdb.go:120                           Options.bytes_per_sync: 524288
I200206 09:42:55.009056 30 storage/engine/rocksdb.go:120                       Options.wal_bytes_per_sync: 0
I200206 09:42:55.009062 30 storage/engine/rocksdb.go:120                    Options.strict_bytes_per_sync: 1
I200206 09:42:55.009069 30 storage/engine/rocksdb.go:120        Options.compaction_readahead_size: 0
I200206 09:42:55.009078 30 storage/engine/rocksdb.go:120  Compression algorithms supported:
I200206 09:42:55.009085 30 storage/engine/rocksdb.go:120  	kZSTDNotFinalCompression supported: 0
I200206 09:42:55.009092 30 storage/engine/rocksdb.go:120  	kZSTD supported: 0
I200206 09:42:55.009099 30 storage/engine/rocksdb.go:120  	kXpressCompression supported: 0
I200206 09:42:55.009105 30 storage/engine/rocksdb.go:120  	kLZ4HCCompression supported: 0
I200206 09:42:55.009112 30 storage/engine/rocksdb.go:120  	kLZ4Compression supported: 0
I200206 09:42:55.009118 30 storage/engine/rocksdb.go:120  	kBZip2Compression supported: 0
I200206 09:42:55.009125 30 storage/engine/rocksdb.go:120  	kZlibCompression supported: 0
I200206 09:42:55.009132 30 storage/engine/rocksdb.go:120  	kSnappyCompression supported: 1
I200206 09:42:55.009141 30 storage/engine/rocksdb.go:120  Fast CRC32 supported: Supported on x86
I200206 09:42:55.009234 30 storage/engine/rocksdb.go:120  [db/db_impl_open.cc:242] Creating manifest 1 
I200206 09:42:55.183929 30 storage/engine/rocksdb.go:120  [db/version_set.cc:4072] Recovering from manifest file: /home/pika/praxis-academy/minggu-03/Hari-04/kasus/cockroach-data/cockroach-temp503753566/MANIFEST-000001
I200206 09:42:55.184244 30 storage/engine/rocksdb.go:120  [db/column_family.cc:488] --------------- Options for column family [default]:
I200206 09:42:55.184261 30 storage/engine/rocksdb.go:120                Options.comparator: cockroach_comparator
I200206 09:42:55.184273 30 storage/engine/rocksdb.go:120            Options.merge_operator: cockroach_merge_operator
I200206 09:42:55.184285 30 storage/engine/rocksdb.go:120         Options.compaction_filter: None
I200206 09:42:55.184295 30 storage/engine/rocksdb.go:120         Options.compaction_filter_factory: None
I200206 09:42:55.184307 30 storage/engine/rocksdb.go:120          Options.memtable_factory: SkipListFactory
I200206 09:42:55.184317 30 storage/engine/rocksdb.go:120             Options.table_factory: BlockBasedTable
I200206 09:42:55.184392 30 storage/engine/rocksdb.go:120             table_factory options:   flush_block_policy_factory: FlushBlockBySizePolicyFactory (0x7f7e77e43030)
  cache_index_and_filter_blocks: 0
  cache_index_and_filter_blocks_with_high_priority: 0
  pin_l0_filter_and_index_blocks_in_cache: 0
  pin_top_level_index_and_filter: 1
  index_type: 0
  data_block_index_type: 0
  index_shortening: 1
  data_block_hash_table_util_ratio: 0.750000
  hash_index_allow_collision: 1
  checksum: 1
  no_block_cache: 0
  block_cache: 0x7f7e77e3b010
  block_cache_name: LRUCache
  block_cache_options:
    capacity : 1048576
    num_shard_bits : 4
    strict_capacity_limit : 0
    memory_allocator : None
    high_pri_pool_ratio: 0.000
  block_cache_compressed: (nil)
  persistent_cache: (nil)
  block_size: 32768
  block_size_deviation: 10
  block_restart_interval: 16
  index_block_restart_interval: 1
  metadata_block_size: 4096
  partition_filters: 0
  use_delta_encoding: 1
  filter_policy: rocksdb.BuiltinBloomFilter
  whole_key_filtering: 0
  verify_compression: 0
  read_amp_bytes_per_bit: 0
  format_version: 2
  enable_index_compression: 1
  block_align: 0
I200206 09:42:55.184409 30 storage/engine/rocksdb.go:120         Options.write_buffer_size: 67108864
I200206 09:42:55.184423 30 storage/engine/rocksdb.go:120   Options.max_write_buffer_number: 4
I200206 09:42:55.184435 30 storage/engine/rocksdb.go:120           Options.compression: Snappy
I200206 09:42:55.184447 30 storage/engine/rocksdb.go:120                   Options.bottommost_compression: Disabled
I200206 09:42:55.184458 30 storage/engine/rocksdb.go:120        Options.prefix_extractor: cockroach_prefix_extractor
I200206 09:42:55.184469 30 storage/engine/rocksdb.go:120    Options.memtable_insert_with_hint_prefix_extractor: nullptr
I200206 09:42:55.184479 30 storage/engine/rocksdb.go:120              Options.num_levels: 7
I200206 09:42:55.184490 30 storage/engine/rocksdb.go:120         Options.min_write_buffer_number_to_merge: 1
I200206 09:42:55.184508 30 storage/engine/rocksdb.go:120      Options.max_write_buffer_number_to_maintain: 0
I200206 09:42:55.184519 30 storage/engine/rocksdb.go:120             Options.bottommost_compression_opts.window_bits: -14
I200206 09:42:55.184530 30 storage/engine/rocksdb.go:120                   Options.bottommost_compression_opts.level: 32767
I200206 09:42:55.184541 30 storage/engine/rocksdb.go:120                Options.bottommost_compression_opts.strategy: 0
I200206 09:42:55.184552 30 storage/engine/rocksdb.go:120          Options.bottommost_compression_opts.max_dict_bytes: 0
I200206 09:42:55.184563 30 storage/engine/rocksdb.go:120          Options.bottommost_compression_opts.zstd_max_train_bytes: 0
I200206 09:42:55.184575 30 storage/engine/rocksdb.go:120                   Options.bottommost_compression_opts.enabled: false
I200206 09:42:55.184586 30 storage/engine/rocksdb.go:120             Options.compression_opts.window_bits: -14
I200206 09:42:55.184604 30 storage/engine/rocksdb.go:120                   Options.compression_opts.level: 32767
I200206 09:42:55.184623 30 storage/engine/rocksdb.go:120                Options.compression_opts.strategy: 0
I200206 09:42:55.184643 30 storage/engine/rocksdb.go:120          Options.compression_opts.max_dict_bytes: 0
I200206 09:42:55.184662 30 storage/engine/rocksdb.go:120          Options.compression_opts.zstd_max_train_bytes: 0
I200206 09:42:55.184676 30 storage/engine/rocksdb.go:120                   Options.compression_opts.enabled: false
I200206 09:42:55.184695 30 storage/engine/rocksdb.go:120       Options.level0_file_num_compaction_trigger: 2
I200206 09:42:55.184707 30 storage/engine/rocksdb.go:120           Options.level0_slowdown_writes_trigger: 950
I200206 09:42:55.184718 30 storage/engine/rocksdb.go:120               Options.level0_stop_writes_trigger: 1000
I200206 09:42:55.184729 30 storage/engine/rocksdb.go:120                    Options.target_file_size_base: 4194304
I200206 09:42:55.184740 30 storage/engine/rocksdb.go:120              Options.target_file_size_multiplier: 2
I200206 09:42:55.184750 30 storage/engine/rocksdb.go:120                 Options.max_bytes_for_level_base: 67108864
I200206 09:42:55.184762 30 storage/engine/rocksdb.go:120  Options.level_compaction_dynamic_level_bytes: 1
I200206 09:42:55.184776 30 storage/engine/rocksdb.go:120           Options.max_bytes_for_level_multiplier: 10.000000
I200206 09:42:55.184787 30 storage/engine/rocksdb.go:120  Options.max_bytes_for_level_multiplier_addtl[0]: 1
I200206 09:42:55.184798 30 storage/engine/rocksdb.go:120  Options.max_bytes_for_level_multiplier_addtl[1]: 1
I200206 09:42:55.184809 30 storage/engine/rocksdb.go:120  Options.max_bytes_for_level_multiplier_addtl[2]: 1
I200206 09:42:55.184819 30 storage/engine/rocksdb.go:120  Options.max_bytes_for_level_multiplier_addtl[3]: 1
I200206 09:42:55.184830 30 storage/engine/rocksdb.go:120  Options.max_bytes_for_level_multiplier_addtl[4]: 1
I200206 09:42:55.184841 30 storage/engine/rocksdb.go:120  Options.max_bytes_for_level_multiplier_addtl[5]: 1
I200206 09:42:55.184851 30 storage/engine/rocksdb.go:120  Options.max_bytes_for_level_multiplier_addtl[6]: 1
I200206 09:42:55.184862 30 storage/engine/rocksdb.go:120        Options.max_sequential_skip_in_iterations: 8
I200206 09:42:55.184873 30 storage/engine/rocksdb.go:120                     Options.max_compaction_bytes: 104857600
I200206 09:42:55.184884 30 storage/engine/rocksdb.go:120                         Options.arena_block_size: 8388608
I200206 09:42:55.184895 30 storage/engine/rocksdb.go:120    Options.soft_pending_compaction_bytes_limit: 2199023255552
I200206 09:42:55.184906 30 storage/engine/rocksdb.go:120    Options.hard_pending_compaction_bytes_limit: 4400193994752
I200206 09:42:55.184916 30 storage/engine/rocksdb.go:120        Options.rate_limit_delay_max_milliseconds: 100
I200206 09:42:55.184927 30 storage/engine/rocksdb.go:120                 Options.disable_auto_compactions: 0
I200206 09:42:55.184940 30 storage/engine/rocksdb.go:120                         Options.compaction_style: kCompactionStyleLevel
I200206 09:42:55.184969 30 storage/engine/rocksdb.go:120                           Options.compaction_pri: kMinOverlappingRatio
I200206 09:42:55.184989 30 storage/engine/rocksdb.go:120  Options.compaction_options_universal.size_ratio: 1
I200206 09:42:55.185005 30 storage/engine/rocksdb.go:120  Options.compaction_options_universal.min_merge_width: 2
I200206 09:42:55.185016 30 storage/engine/rocksdb.go:120  Options.compaction_options_universal.max_merge_width: 4294967295
I200206 09:42:55.185027 30 storage/engine/rocksdb.go:120  Options.compaction_options_universal.max_size_amplification_percent: 200
I200206 09:42:55.185038 30 storage/engine/rocksdb.go:120  Options.compaction_options_universal.compression_size_percent: -1
I200206 09:42:55.185050 30 storage/engine/rocksdb.go:120  Options.compaction_options_universal.stop_style: kCompactionStopStyleTotalSize
I200206 09:42:55.185061 30 storage/engine/rocksdb.go:120  Options.compaction_options_fifo.max_table_files_size: 1073741824
I200206 09:42:55.185074 30 storage/engine/rocksdb.go:120  Options.compaction_options_fifo.allow_compaction: 0
I200206 09:42:55.185089 30 storage/engine/rocksdb.go:120                    Options.table_properties_collectors: TimeBoundTblPropCollectorFactory; DeleteRangeTblPropCollectorFactory; 
I200206 09:42:55.185102 30 storage/engine/rocksdb.go:120                    Options.inplace_update_support: 0
I200206 09:42:55.185113 30 storage/engine/rocksdb.go:120                  Options.inplace_update_num_locks: 10000
I200206 09:42:55.185126 30 storage/engine/rocksdb.go:120                Options.memtable_prefix_bloom_size_ratio: 0.000000
I200206 09:42:55.185136 30 storage/engine/rocksdb.go:120                Options.memtable_whole_key_filtering: 0
I200206 09:42:55.185147 30 storage/engine/rocksdb.go:120    Options.memtable_huge_page_size: 0
I200206 09:42:55.185158 30 storage/engine/rocksdb.go:120                            Options.bloom_locality: 0
I200206 09:42:55.185168 30 storage/engine/rocksdb.go:120                     Options.max_successive_merges: 0
I200206 09:42:55.185179 30 storage/engine/rocksdb.go:120                 Options.optimize_filters_for_hits: 1
I200206 09:42:55.185190 30 storage/engine/rocksdb.go:120                 Options.paranoid_file_checks: 0
I200206 09:42:55.185200 30 storage/engine/rocksdb.go:120                 Options.force_consistency_checks: 0
I200206 09:42:55.185211 30 storage/engine/rocksdb.go:120                 Options.report_bg_io_stats: 0
I200206 09:42:55.185222 30 storage/engine/rocksdb.go:120                                Options.ttl: 0
I200206 09:42:55.185233 30 storage/engine/rocksdb.go:120           Options.periodic_compaction_seconds: 0
I200206 09:42:55.186643 30 storage/engine/rocksdb.go:120  [db/version_set.cc:4286] Recovered from manifest file:/home/pika/praxis-academy/minggu-03/Hari-04/kasus/cockroach-data/cockroach-temp503753566/MANIFEST-000001 succeeded,manifest_file_number is 1, next_file_number is 3, last_sequence is 0, log_number is 0,prev_log_number is 0,max_column_family is 0,min_log_number_to_keep is 0
I200206 09:42:55.186665 30 storage/engine/rocksdb.go:120  [db/version_set.cc:4295] Column family [default] (ID 0), log number is 0
I200206 09:42:55.252016 30 storage/engine/rocksdb.go:120  DB pointer 0x7f7e77eae000
